[2024-07-27 23:38:03,695][__main__][INFO] - Doctor1 work days: [[ 0  3]
 [ 1  0]
 [ 1 18]
 [ 1 28]
 [ 1 35]
 [ 1 46]
 [ 1 50]
 [ 1 54]
 [ 2  1]
 [ 2  5]
 [ 2 12]
 [ 2 29]
 [ 2 44]
 [ 3 37]
 [ 3 40]
 [ 3 41]
 [ 3 51]
 [ 4 23]
 [ 4 43]
 [ 5 31]
 [ 5 49]
 [ 6  4]
 [ 6 20]
 [ 6 21]
 [ 6 26]
 [ 6 36]
 [ 7  8]
 [ 7 14]
 [ 8  6]
 [ 8 10]
 [ 8 11]
 [ 8 60]
 [10  2]
 [11 16]
 [11 34]
 [12 13]
 [12 15]
 [12 17]
 [12 32]
 [12 42]
 [12 55]
 [13  7]
 [14 22]
 [14 25]
 [14 30]
 [14 38]
 [14 57]
 [15 39]
 [15 56]
 [16 19]
 [16 24]
 [16 53]
 [17 33]
 [17 48]
 [17 52]
 [17 59]
 [18  9]
 [18 27]
 [18 45]
 [18 47]
 [18 58]]
[2024-07-27 23:38:03,702][__main__][INFO] - Doctor2 work days: [[ 0  9]
 [ 0 11]
 [ 0 26]
 [ 0 31]
 [ 0 45]
 [ 0 58]
 [ 1  3]
 [ 1  8]
 [ 1 39]
 [ 2 42]
 [ 2 50]
 [ 3  5]
 [ 3 13]
 [ 3 25]
 [ 4  1]
 [ 4 33]
 [ 4 36]
 [ 4 52]
 [ 6  0]
 [ 6 21]
 [ 7  7]
 [ 7 19]
 [ 7 40]
 [ 7 60]
 [ 8 28]
 [ 8 41]
 [ 8 46]
 [ 8 47]
 [ 8 48]
 [ 9  2]
 [ 9 23]
 [10 44]
 [10 54]
 [10 56]
 [11 14]
 [11 18]
 [11 35]
 [11 55]
 [12 37]
 [12 53]
 [13  6]
 [13 24]
 [13 29]
 [13 32]
 [13 38]
 [13 59]
 [14  4]
 [14 15]
 [14 20]
 [14 30]
 [14 57]
 [15 10]
 [15 12]
 [15 16]
 [15 34]
 [15 43]
 [16 17]
 [16 22]
 [16 27]
 [16 49]
 [16 51]]
[2024-07-27 23:38:03,708][__main__][INFO] - Nurse work days: [[ 0 20]
 [ 0 43]
 [ 1 32]
 [ 1 37]
 [ 1 48]
 [ 2 42]
 [ 2 47]
 [ 2 58]
 [ 3  7]
 [ 3 15]
 [ 3 16]
 [ 3 40]
 [ 4 10]
 [ 4 22]
 [ 4 24]
 [ 4 34]
 [ 4 57]
 [ 5 28]
 [ 5 46]
 [ 5 55]
 [ 5 57]
 [ 6 12]
 [ 6 13]
 [ 6 17]
 [ 6 36]
 [ 6 38]
 [ 6 52]
 [ 6 56]
 [ 7 25]
 [ 7 54]
 [ 7 60]
 [ 8 41]
 [ 9 27]
 [10  0]
 [10 15]
 [10 50]
 [11 10]
 [11 58]
 [12 21]
 [12 46]
 [12 47]
 [12 55]
 [14  2]
 [14  9]
 [14 45]
 [15  5]
 [15 22]
 [15 24]
 [15 33]
 [15 39]
 [15 44]
 [15 51]
 [16 18]
 [16 31]
 [16 48]
 [16 53]
 [16 59]
 [17 30]
 [17 34]
 [17 35]
 [17 56]
 [17 59]
 [18 60]
 [19 44]
 [20  4]
 [21  8]
 [21 12]
 [21 21]
 [21 29]
 [21 43]
 [21 45]
 [22  6]
 [22 18]
 [23 11]
 [24 13]
 [24 16]
 [24 49]
 [24 52]
 [25  3]
 [25  9]
 [25 11]
 [25 27]
 [25 32]
 [26 14]
 [26 26]
 [26 31]
 [27 49]
 [27 53]
 [28 40]
 [28 54]
 [29  5]
 [29 30]
 [29 33]
 [30 37]
 [31  4]
 [31 50]
 [32 38]
 [32 39]
 [35 19]
 [36  1]
 [36  2]
 [36 35]
 [36 36]
 [36 42]
 [37 23]
 [37 28]
 [37 41]
 [38 26]
 [39 17]
 [40  0]
 [40  6]
 [40  7]
 [40 29]
 [41 14]
 [41 19]
 [42  3]
 [42  8]
 [42 20]
 [42 23]
 [42 25]
 [43  1]
 [43 51]]
